
Showing logs for build [32mcb-kubecd-environment-pr-164-25-7l624-1[0m stage [32mfrom-build-pack[0m and container [32mstep-credential-initializer-rwbnc[0m
{"level":"warn","ts":1582210957.723901,"logger":"fallback-logger","caller":"logging/config.go:69","msg":"Fetch GitHub commit ID from kodata failed: \"ref: refs/heads/0.8.0-**-support-backwards-incompats\" is not a valid GitHub commit ID"}
{"level":"info","ts":1582210957.7252154,"logger":"fallback-logger","caller":"creds-init/main.go:40","msg":"Credentials initialized."}

Showing logs for build [32mcb-kubecd-environment-pr-164-25-7l624-1[0m stage [32mfrom-build-pack[0m and container [32mstep-working-dir-initializer-65c7q[0m
{"level":"warn","ts":1582210958.468483,"logger":"fallback-logger","caller":"logging/config.go:69","msg":"Fetch GitHub commit ID from kodata failed: open /var/run/ko/HEAD: no such file or directory"}
{"level":"info","ts":1582210958.4711936,"logger":"fallback-logger","caller":"bash/main.go:64","msg":"Successfully executed command \"sh -c mkdir -p /workspace/source\"; output "}

Showing logs for build [32mcb-kubecd-environment-pr-164-25-7l624-1[0m stage [32mfrom-build-pack[0m and container [32mstep-place-tools[0m

Showing logs for build [32mcb-kubecd-environment-pr-164-25-7l624-1[0m stage [32mfrom-build-pack[0m and container [32mstep-git-source-cb-kubecd-environment-pr-164-25-7l624-fjpxl[0m
{"level":"warn","ts":1582210962.6808362,"logger":"fallback-logger","caller":"logging/config.go:69","msg":"Fetch GitHub commit ID from kodata failed: \"ref: refs/heads/0.8.0-**-support-backwards-incompats\" is not a valid GitHub commit ID"}
{"level":"info","ts":1582210963.7295973,"logger":"fallback-logger","caller":"git/git.go:103","msg":"Successfully cloned https://github.com/cb-kubecd/environment-pr-164-25-boot-gke-staging.git @ master in path /workspace/source"}

Showing logs for build [32mcb-kubecd-environment-pr-164-25-7l624-1[0m stage [32mfrom-build-pack[0m and container [32mstep-git-merge[0m
Using SHAs from PULL_REFS=master:06c59a180b14a44708e64693238d41125b203389,3:bf7b1fb6113d40d9c08a693eb0aec2bc5cb24d1d
DEBUG: LC_ALL=C JX_LOG_LEVEL=error git fetch origin --unshallow bf7b1fb6113d40d9c08a693eb0aec2bc5cb24d1d: 06c59a180b14a44708e64693238d41125b203389:
DEBUG: ran git fetch --unshallow origin bf7b1fb6113d40d9c08a693eb0aec2bc5cb24d1d: 06c59a180b14a44708e64693238d41125b203389: in 
DEBUG: LC_ALL=C JX_LOG_LEVEL=error git branch
DEBUG: LC_ALL=C JX_LOG_LEVEL=error git checkout master
DEBUG: ran git checkout master in 
DEBUG: LC_ALL=C JX_LOG_LEVEL=error git reset --hard 06c59a180b14a44708e64693238d41125b203389
DEBUG: ran git reset --hard 06c59a180b14a44708e64693238d41125b203389 in 
DEBUG: LC_ALL=C JX_LOG_LEVEL=error git clean -fd .
DEBUG: ran clean --force -d . in 
DEBUG: LC_ALL=C JX_LOG_LEVEL=error git merge bf7b1fb6113d40d9c08a693eb0aec2bc5cb24d1d
DEBUG: ran git merge bf7b1fb6113d40d9c08a693eb0aec2bc5cb24d1d in 
DEBUG: LC_ALL=C JX_LOG_LEVEL=error git log --format=%H%x1f%an%x1f%ae%x1f%cn%x1f%ce%x1f%s%n%b%x1e 06c59a180b14a44708e64693238d41125b203389..HEAD
Merged SHA bf7b1fb6113d40d9c08a693eb0aec2bc5cb24d1d with commit message 'chore: Promote bdd-nh-1582209823 to version 0.0.1' into base branch master

Showing logs for build [32mcb-kubecd-environment-pr-164-25-7l624-1[0m stage [32mfrom-build-pack[0m and container [32mstep-build-helm-build[0m
WARNING: No $CHART_REPOSITORY defined so using the default value of: http://jenkins-x-chartmuseum:8080
Adding missing Helm repo: storage.googleapis.com https://storage.googleapis.com/chartmuseum.jenkins-x.io
WARNING: No secrets found on "helm/repos" due: reading the secret "helm/repos" from vault: no secret "helm/repos" not found in vault
Read credentials for https://storage.googleapis.com/chartmuseum.jenkins-x.io from vault helm/repos
Successfully added Helm repository storage.googleapis.com.
Adding missing Helm repo: jenkins-x-chartmuseum http://jenkins-x-chartmuseum:8080
WARNING: No secrets found on "helm/repos" due: reading the secret "helm/repos" from vault: no secret "helm/repos" not found in vault
Read credentials for http://jenkins-x-chartmuseum:8080 from vault helm/repos
Successfully added Helm repository jenkins-x-chartmuseum.
WARNING: No $CHART_REPOSITORY defined so using the default value of: http://jenkins-x-chartmuseum:8080
Adding missing Helm repo: chartmuseum.jenkins-x.io http://chartmuseum.jenkins-x.io
WARNING: No secrets found on "helm/repos" due: reading the secret "helm/repos" from vault: no secret "helm/repos" not found in vault
Read credentials for http://chartmuseum.jenkins-x.io from vault helm/repos
Successfully added Helm repository chartmuseum.jenkins-x.io.
