
Showing logs for build [32mcb-kubecd-environment-pr-164-25-5vl67-1[0m stage [32mfrom-build-pack[0m and container [32mstep-credential-initializer-w6j5w[0m
{"level":"warn","ts":1582212991.5108726,"logger":"fallback-logger","caller":"logging/config.go:69","msg":"Fetch GitHub commit ID from kodata failed: \"ref: refs/heads/0.8.0-**-support-backwards-incompats\" is not a valid GitHub commit ID"}
{"level":"info","ts":1582212991.5117428,"logger":"fallback-logger","caller":"creds-init/main.go:40","msg":"Credentials initialized."}

Showing logs for build [32mcb-kubecd-environment-pr-164-25-5vl67-1[0m stage [32mfrom-build-pack[0m and container [32mstep-working-dir-initializer-8vvb9[0m
{"level":"warn","ts":1582212992.951144,"logger":"fallback-logger","caller":"logging/config.go:69","msg":"Fetch GitHub commit ID from kodata failed: open /var/run/ko/HEAD: no such file or directory"}
{"level":"info","ts":1582212992.9738874,"logger":"fallback-logger","caller":"bash/main.go:64","msg":"Successfully executed command \"sh -c mkdir -p /workspace/source\"; output "}

Showing logs for build [32mcb-kubecd-environment-pr-164-25-5vl67-1[0m stage [32mfrom-build-pack[0m and container [32mstep-place-tools[0m

Showing logs for build [32mcb-kubecd-environment-pr-164-25-5vl67-1[0m stage [32mfrom-build-pack[0m and container [32mstep-git-source-cb-kubecd-environment-pr-164-25-5vl67-vvmq6[0m
{"level":"warn","ts":1582212998.1786828,"logger":"fallback-logger","caller":"logging/config.go:69","msg":"Fetch GitHub commit ID from kodata failed: \"ref: refs/heads/0.8.0-**-support-backwards-incompats\" is not a valid GitHub commit ID"}
{"level":"info","ts":1582212999.2628338,"logger":"fallback-logger","caller":"git/git.go:103","msg":"Successfully cloned https://github.com/cb-kubecd/environment-pr-164-25-boot-gke-staging.git @ master in path /workspace/source"}

Showing logs for build [32mcb-kubecd-environment-pr-164-25-5vl67-1[0m stage [32mfrom-build-pack[0m and container [32mstep-git-merge[0m
Using SHAs from PULL_REFS=master:896dbedc3e3dae2f96d2a2ae924fd10e9109e7ae,6:c890476460d6c976f2aa19dcb97ec5f17d45cb8a
DEBUG: LC_ALL=C JX_LOG_LEVEL=error git fetch origin --unshallow c890476460d6c976f2aa19dcb97ec5f17d45cb8a: 896dbedc3e3dae2f96d2a2ae924fd10e9109e7ae:
DEBUG: ran git fetch --unshallow origin c890476460d6c976f2aa19dcb97ec5f17d45cb8a: 896dbedc3e3dae2f96d2a2ae924fd10e9109e7ae: in 
DEBUG: LC_ALL=C JX_LOG_LEVEL=error git branch
DEBUG: JX_LOG_LEVEL=error LC_ALL=C git checkout master
DEBUG: ran git checkout master in 
DEBUG: LC_ALL=C JX_LOG_LEVEL=error git reset --hard 896dbedc3e3dae2f96d2a2ae924fd10e9109e7ae
DEBUG: ran git reset --hard 896dbedc3e3dae2f96d2a2ae924fd10e9109e7ae in 
DEBUG: LC_ALL=C JX_LOG_LEVEL=error git clean -fd .
DEBUG: ran clean --force -d . in 
DEBUG: LC_ALL=C JX_LOG_LEVEL=error git merge c890476460d6c976f2aa19dcb97ec5f17d45cb8a
DEBUG: ran git merge c890476460d6c976f2aa19dcb97ec5f17d45cb8a in 
DEBUG: LC_ALL=C JX_LOG_LEVEL=error git log --format=%H%x1f%an%x1f%ae%x1f%cn%x1f%ce%x1f%s%n%b%x1e 896dbedc3e3dae2f96d2a2ae924fd10e9109e7ae..HEAD
Merged SHA c890476460d6c976f2aa19dcb97ec5f17d45cb8a with commit message 'chore: Promote bdd-nh-import-1582212226 to version 0.0.1' into base branch master

Showing logs for build [32mcb-kubecd-environment-pr-164-25-5vl67-1[0m stage [32mfrom-build-pack[0m and container [32mstep-build-helm-build[0m
WARNING: No $CHART_REPOSITORY defined so using the default value of: http://jenkins-x-chartmuseum:8080
Adding missing Helm repo: storage.googleapis.com https://storage.googleapis.com/chartmuseum.jenkins-x.io
WARNING: No secrets found on "helm/repos" due: reading the secret "helm/repos" from vault: no secret "helm/repos" not found in vault
Read credentials for https://storage.googleapis.com/chartmuseum.jenkins-x.io from vault helm/repos
Successfully added Helm repository storage.googleapis.com.
Adding missing Helm repo: jenkins-x-chartmuseum http://jenkins-x-chartmuseum:8080
WARNING: No secrets found on "helm/repos" due: reading the secret "helm/repos" from vault: no secret "helm/repos" not found in vault
Read credentials for http://jenkins-x-chartmuseum:8080 from vault helm/repos
Successfully added Helm repository jenkins-x-chartmuseum.
WARNING: No $CHART_REPOSITORY defined so using the default value of: http://jenkins-x-chartmuseum:8080
Adding missing Helm repo: chartmuseum.jenkins-x.io http://chartmuseum.jenkins-x.io
WARNING: No secrets found on "helm/repos" due: reading the secret "helm/repos" from vault: no secret "helm/repos" not found in vault
Read credentials for http://chartmuseum.jenkins-x.io from vault helm/repos
Successfully added Helm repository chartmuseum.jenkins-x.io.
