
Showing logs for build [32mcb-kubecd-environment-pr-164-25-zqsx2-1[0m stage [32mfrom-build-pack[0m and container [32mstep-credential-initializer-rzzcm[0m
{"level":"warn","ts":1582211726.1846972,"logger":"fallback-logger","caller":"logging/config.go:69","msg":"Fetch GitHub commit ID from kodata failed: \"ref: refs/heads/0.8.0-**-support-backwards-incompats\" is not a valid GitHub commit ID"}
{"level":"info","ts":1582211726.1856742,"logger":"fallback-logger","caller":"creds-init/main.go:40","msg":"Credentials initialized."}

Showing logs for build [32mcb-kubecd-environment-pr-164-25-zqsx2-1[0m stage [32mfrom-build-pack[0m and container [32mstep-working-dir-initializer-8pfpf[0m
{"level":"warn","ts":1582211727.1742127,"logger":"fallback-logger","caller":"logging/config.go:69","msg":"Fetch GitHub commit ID from kodata failed: open /var/run/ko/HEAD: no such file or directory"}
{"level":"info","ts":1582211727.1774418,"logger":"fallback-logger","caller":"bash/main.go:64","msg":"Successfully executed command \"sh -c mkdir -p /workspace/source\"; output "}

Showing logs for build [32mcb-kubecd-environment-pr-164-25-zqsx2-1[0m stage [32mfrom-build-pack[0m and container [32mstep-place-tools[0m

Showing logs for build [32mcb-kubecd-environment-pr-164-25-zqsx2-1[0m stage [32mfrom-build-pack[0m and container [32mstep-git-source-cb-kubecd-environment-pr-164-25-zqsx2-28vcp[0m
{"level":"warn","ts":1582211731.5147827,"logger":"fallback-logger","caller":"logging/config.go:69","msg":"Fetch GitHub commit ID from kodata failed: \"ref: refs/heads/0.8.0-**-support-backwards-incompats\" is not a valid GitHub commit ID"}
{"level":"info","ts":1582211732.5600755,"logger":"fallback-logger","caller":"git/git.go:103","msg":"Successfully cloned https://github.com/cb-kubecd/environment-pr-164-25-boot-gke-staging.git @ master in path /workspace/source"}

Showing logs for build [32mcb-kubecd-environment-pr-164-25-zqsx2-1[0m stage [32mfrom-build-pack[0m and container [32mstep-git-merge[0m
Using SHAs from PULL_REFS=master:a4a0e0311f0aa93d3402e45784b0858767683f20,4:2941676704fae025b9ec9befd45dcfaa49bc7eea
DEBUG: LC_ALL=C JX_LOG_LEVEL=error git fetch origin --unshallow 2941676704fae025b9ec9befd45dcfaa49bc7eea: a4a0e0311f0aa93d3402e45784b0858767683f20:
DEBUG: ran git fetch --unshallow origin 2941676704fae025b9ec9befd45dcfaa49bc7eea: a4a0e0311f0aa93d3402e45784b0858767683f20: in 
DEBUG: LC_ALL=C JX_LOG_LEVEL=error git branch
DEBUG: LC_ALL=C JX_LOG_LEVEL=error git checkout master
DEBUG: ran git checkout master in 
DEBUG: LC_ALL=C JX_LOG_LEVEL=error git reset --hard a4a0e0311f0aa93d3402e45784b0858767683f20
DEBUG: ran git reset --hard a4a0e0311f0aa93d3402e45784b0858767683f20 in 
DEBUG: LC_ALL=C JX_LOG_LEVEL=error git clean -fd .
DEBUG: ran clean --force -d . in 
DEBUG: LC_ALL=C JX_LOG_LEVEL=error git merge 2941676704fae025b9ec9befd45dcfaa49bc7eea
DEBUG: ran git merge 2941676704fae025b9ec9befd45dcfaa49bc7eea in 
DEBUG: LC_ALL=C JX_LOG_LEVEL=error git log --format=%H%x1f%an%x1f%ae%x1f%cn%x1f%ce%x1f%s%n%b%x1e a4a0e0311f0aa93d3402e45784b0858767683f20..HEAD
Merged SHA 2941676704fae025b9ec9befd45dcfaa49bc7eea with commit message 'chore: Promote bdd-gh-1582209823 to version 0.0.1' into base branch master

Showing logs for build [32mcb-kubecd-environment-pr-164-25-zqsx2-1[0m stage [32mfrom-build-pack[0m and container [32mstep-build-helm-build[0m
WARNING: No $CHART_REPOSITORY defined so using the default value of: http://jenkins-x-chartmuseum:8080
Adding missing Helm repo: storage.googleapis.com https://storage.googleapis.com/chartmuseum.jenkins-x.io
WARNING: No secrets found on "helm/repos" due: reading the secret "helm/repos" from vault: no secret "helm/repos" not found in vault
Read credentials for https://storage.googleapis.com/chartmuseum.jenkins-x.io from vault helm/repos
Successfully added Helm repository storage.googleapis.com.
Adding missing Helm repo: jenkins-x-chartmuseum http://jenkins-x-chartmuseum:8080
WARNING: No secrets found on "helm/repos" due: reading the secret "helm/repos" from vault: no secret "helm/repos" not found in vault
Read credentials for http://jenkins-x-chartmuseum:8080 from vault helm/repos
Successfully added Helm repository jenkins-x-chartmuseum.
WARNING: No $CHART_REPOSITORY defined so using the default value of: http://jenkins-x-chartmuseum:8080
Adding missing Helm repo: chartmuseum.jenkins-x.io http://chartmuseum.jenkins-x.io
WARNING: No secrets found on "helm/repos" due: reading the secret "helm/repos" from vault: no secret "helm/repos" not found in vault
Read credentials for http://chartmuseum.jenkins-x.io from vault helm/repos
Successfully added Helm repository chartmuseum.jenkins-x.io.
